<?xml version="1.0" encoding="UTF-8"?>
<!-- Generated by org.testng.reporters.JUnitReportReporter -->
<testsuite hostname="LTIN292975" failures="0" tests="4" name="TestCases.TC_004_ValidateAppsAndTools" time="67.624" errors="0" timestamp="2024-01-21T22:26:08 IST" skipped="0">
  <testcase classname="TestCases.TC_004_ValidateAppsAndTools" name="ValidateUser" time="2.718"/>
  <testcase classname="TestCases.TC_004_ValidateAppsAndTools" name="validateImageCountAndHeaders" time="0.503"/>
  <testcase classname="TestCases.TC_004_ValidateAppsAndTools" name="validateNewsItems" time="55.180"/>
  <testcase classname="TestCases.TC_004_ValidateAppsAndTools" name="validateAppsAndTools" time="9.223"/>
</testsuite> <!-- TestCases.TC_004_ValidateAppsAndTools -->
