<?xml version="1.0" encoding="UTF-8"?>
<!-- Generated by org.testng.reporters.JUnitReportReporter -->
<testsuite hostname="LTIN273501" failures="0" tests="5" name="TestCases.TC_005_ValidateAppsAndTools" time="87.505" errors="0" timestamp="2024-02-20T16:26:06 IST" skipped="0">
  <testcase classname="TestCases.TC_005_ValidateAppsAndTools" name="ValidateUser" time="10.064"/>
  <testcase classname="TestCases.TC_005_ValidateAppsAndTools" name="validateImageCountAndHeaders" time="5.664"/>
  <testcase classname="TestCases.TC_005_ValidateAppsAndTools" name="validateToolTip" time="9.705"/>
  <testcase classname="TestCases.TC_005_ValidateAppsAndTools" name="validateNewsItems" time="51.306"/>
  <testcase classname="TestCases.TC_005_ValidateAppsAndTools" name="validateAppsAndTools" time="10.766"/>
</testsuite> <!-- TestCases.TC_005_ValidateAppsAndTools -->
