<?xml version="1.0" encoding="UTF-8"?>
<!-- Generated by org.testng.reporters.JUnitReportReporter -->
<testsuite hostname="LTIN183816" failures="0" tests="4" name="TestCases.TC_004_ValidateNewsItems" time="55.772" errors="0" timestamp="2024-02-13T16:48:00 IST" skipped="0">
  <testcase classname="TestCases.TC_004_ValidateNewsItems" name="ValidateUser" time="2.107"/>
  <testcase classname="TestCases.TC_004_ValidateNewsItems" name="validateImageCountAndHeaders" time="3.312"/>
  <testcase classname="TestCases.TC_004_ValidateNewsItems" name="validateToolTip" time="8.382"/>
  <testcase classname="TestCases.TC_004_ValidateNewsItems" name="validateNewsItems" time="41.971"/>
</testsuite> <!-- TestCases.TC_004_ValidateNewsItems -->
