<?xml version="1.0" encoding="UTF-8"?>
<!-- Generated by org.testng.reporters.JUnitReportReporter -->
<testsuite hostname="LTIN292975" failures="0" tests="1" name="TestCases.TC_ToolTipValidation" time="11.438" errors="0" timestamp="2024-01-22T09:24:45 IST" skipped="0">
  <testcase classname="TestCases.TC_ToolTipValidation" name="validateToolTip" time="11.438"/>
</testsuite> <!-- TestCases.TC_ToolTipValidation -->
