<?xml version="1.0" encoding="UTF-8"?>
<!-- Generated by org.testng.reporters.JUnitReportReporter -->
<testsuite hostname="LTIN292975" failures="0" tests="3" name="TestCases.TC_003_ValidateNewsItems" time="33.170" errors="0" timestamp="2024-01-13T20:41:01 IST" skipped="0">
  <testcase classname="TestCases.TC_003_ValidateNewsItems" name="validateNewsItems" time="28.511"/>
  <testcase classname="TestCases.TC_003_ValidateNewsItems" name="ValidateUser" time="4.067"/>
  <testcase classname="TestCases.TC_003_ValidateNewsItems" name="validateImageCountAndHeaders" time="0.592"/>
</testsuite> <!-- TestCases.TC_003_ValidateNewsItems -->
