<?xml version="1.0" encoding="UTF-8"?>
<!-- Generated by org.testng.reporters.JUnitReportReporter -->
<testsuite hostname="LTIN292975" failures="0" tests="4" name="TestCases.TC_004_ValidateAppsAndTools" time="47.506" errors="0" timestamp="2024-01-17T09:30:03 IST" skipped="0">
  <testcase classname="TestCases.TC_004_ValidateAppsAndTools" name="validateImageCountAndHeaders" time="0.756"/>
  <testcase classname="TestCases.TC_004_ValidateAppsAndTools" name="validateNewsItems" time="29.453"/>
  <testcase classname="TestCases.TC_004_ValidateAppsAndTools" name="ValidateUser" time="8.706"/>
  <testcase classname="TestCases.TC_004_ValidateAppsAndTools" name="validateAppsAndTools" time="8.591"/>
</testsuite> <!-- TestCases.TC_004_ValidateAppsAndTools -->
